
dpad_down.png
"down,0.09462365591397849107,0.64340344168260032998,radial,0.03010752688172043182,0.07552581261950286340"

dpad_left.png
"left,0.04569892473118279674,0.55640535372848953788,radial,0.04247311827956989222,0.05353728489483747938"

dpad_right.png
"right,0.14354838709677419928,0.55640535372848953788,radial,0.04247311827956989222,0.05353728489483747938"

dpad_up.png
"up,0.09462365591397849107,0.46940726577437857925,radial,0.03010752688172043182,0.07552581261950286340"


down_left
"down|left,0.03225806451612903136,0.66730401529636707014,rect,0.02150537634408602322,0.03824091778202676900"

down_right
"down|right,0.15913978494623656768,0.66730401529636707014,rect,0.02150537634408602322,0.03824091778202676900"

up_left
"up|left,0.03225806451612903136,0.44168260038240919618,rect,0.02150537634408602322,0.03824091778202676900"

up_right
"up|right,0.15913978494623656768,0.44168260038240919618,rect,0.02150537634408602322,0.03824091778202676900"

deadzone
"nul,0.09462365591397849107,0.55640535372848953788,radial,0.01935483870967742021,0.03441682600382409141"


button_a.png
"a,0.96236559139784949579,0.55640535372848953788,radial,0.03440860215053763438,0.06118546845124282763"

button_b.png
"b,0.90537634408602152281,0.65774378585086046289,radial,0.03440860215053763438,0.06118546845124282763"

button_x.png
"x,0.90537634408602152281,0.45506692160611855735,radial,0.03440860215053763438,0.06118546845124282763"

button_y.png
"y,0.84838709677419354982,0.55640535372848953788,radial,0.03440860215053763438,0.06118546845124282763"


button_select.png
"select,0.03333333333333333287,0.81835564053537279694,rect,0.03010752688172043182,0.03824091778202676900"

button_start.png
"start,0.96666666666666667407,0.81835564053537279694,rect,0.03010752688172043182,0.03824091778202676900"


button_l1.png
"l,0.03333333333333333287,0.28680688336520077097,rect,0.03010752688172043182,0.04588910133843212419"

button_l2.png
"l2,0.03333333333333333287,0.16921606118546844710,rect,0.03010752688172043182,0.04588910133843212419"

button_l3.png
"l3,0.03333333333333333287,0.05162523900573613711,rect,0.03010752688172043182,0.04588910133843212419"

button_r1.png
"r,0.96666666666666667407,0.28680688336520077097,rect,0.03010752688172043182,0.04588910133843212419"

button_r2.png
"r2,0.96666666666666667407,0.16921606118546844710,rect,0.03010752688172043182,0.04588910133843212419"

button_r3.png
"r3,0.96666666666666667407,0.05162523900573613711,rect,0.03010752688172043182,0.04588910133843212419"


hotkey_analog.png
"overlay_next,0.02473118279569892428,0.95602294455066916257,radial,0.02150537634408602322,0.03824091778202676900"

hotkey_fast_forward.png
"toggle_fast_forward,0.09354838709677419650,0.95602294455066916257,radial,0.02150537634408602322,0.03824091778202676900"

hotkey_hide.png
"overlay_next,0.97526881720430103062,0.95602294455066916257,radial,0.02150537634408602322,0.03824091778202676900"

hotkey_menu.png
"menu_toggle,0.90645161290322584513,0.95602294455066916257,radial,0.02150537634408602322,0.03824091778202676900"


rotate
"overlay_next,0.50000000000000000000,0.04397705544933078192,radial,0.02150537634408602322,0.03824091778202676900"


analog_bg.png
"nul,0.09462365591397849107,0.55640535372848953788,radial,0.08709677419354838745,0.15487571701720842521"

analog_stick.png
"analog_left,0.09462365591397849107,0.55640535372848953788,radial,0.05053763440860215006,0.08986615678776291305"


hotkey_digital.png
"overlay_next,0.02473118279569892428,0.95602294455066916257,radial,0.02150537634408602322,0.03824091778202676900"


hotkey_show.png
"overlay_next,0.97526881720430103062,0.95602294455066916257,radial,0.02150537634408602322,0.03824091778202676900"

